<?xml version="1.0" encoding="UTF-8"?>
<!-- Generated by org.testng.reporters.JUnitXMLReporter -->
<testsuite hostname="MAVBCP2226" ignored="0" name="Test" tests="3" failures="0" timestamp="2021-12-23T14:55:19 IST" time="104.163" errors="0">
  <testcase name="RobotClassKeyboardActions" time="56.898" classname="com.test.robot.TestRobotClass"/>
  <testcase name="MouseActions" time="22.579" classname="com.test.robot.TestRobotClass"/>
  <testcase name="MouseScrollActions" time="24.617" classname="com.test.robot.TestRobotClass"/>
</testsuite> <!-- Test -->
