<?xml version="1.0" encoding="UTF-8"?>
<testng-results skipped="0" failed="0" ignored="0" total="1" passed="1">
  <reporter-output>
  </reporter-output>
  <suite name="Default suite" duration-ms="36296" started-at="2021-12-23T19:31:12 IST" finished-at="2021-12-23T19:31:48 IST">
    <groups>
    </groups>
    <test name="Default test" duration-ms="36296" started-at="2021-12-23T19:31:12 IST" finished-at="2021-12-23T19:31:48 IST">
      <class name="com.test.actions.TestActions">
        <test-method status="PASS" signature="ActionsClass()[pri:0, instance:com.test.actions.TestActions@11758f2a]" name="ActionsClass" duration-ms="36226" started-at="2021-12-23T19:31:12 IST" finished-at="2021-12-23T19:31:48 IST">
          <reporter-output>
          </reporter-output>
        </test-method> <!-- ActionsClass -->
      </class> <!-- com.test.actions.TestActions -->
    </test> <!-- Default test -->
  </suite> <!-- Default suite -->
</testng-results>
